::1 - - [17/May/2022:22:10:18 +0300] "GET / HTTP/1.1" 302 - "-" "Mozilla/5.0 (Windows NT 10.0; Win64; x64) AppleWebKit/537.36 (KHTML, like Gecko) Chrome/101.0.4951.54 Safari/537.36"
::1 - - [17/May/2022:22:10:18 +0300] "GET /dashboard/ HTTP/1.1" 200 7576 "-" "Mozilla/5.0 (Windows NT 10.0; Win64; x64) AppleWebKit/537.36 (KHTML, like Gecko) Chrome/101.0.4951.54 Safari/537.36"
::1 - - [17/May/2022:22:10:18 +0300] "GET /dashboard/stylesheets/normalize.css HTTP/1.1" 200 6876 "http://localhost/dashboard/" "Mozilla/5.0 (Windows NT 10.0; Win64; x64) AppleWebKit/537.36 (KHTML, like Gecko) Chrome/101.0.4951.54 Safari/537.36"
::1 - - [17/May/2022:22:10:18 +0300] "GET /dashboard/stylesheets/all.css HTTP/1.1" 200 481698 "http://localhost/dashboard/" "Mozilla/5.0 (Windows NT 10.0; Win64; x64) AppleWebKit/537.36 (KHTML, like Gecko) Chrome/101.0.4951.54 Safari/537.36"
::1 - - [17/May/2022:22:10:18 +0300] "GET /dashboard/javascripts/modernizr.js HTTP/1.1" 200 51365 "http://localhost/dashboard/" "Mozilla/5.0 (Windows NT 10.0; Win64; x64) AppleWebKit/537.36 (KHTML, like Gecko) Chrome/101.0.4951.54 Safari/537.36"
::1 - - [17/May/2022:22:10:18 +0300] "GET /dashboard/javascripts/all.js HTTP/1.1" 200 188385 "http://localhost/dashboard/" "Mozilla/5.0 (Windows NT 10.0; Win64; x64) AppleWebKit/537.36 (KHTML, like Gecko) Chrome/101.0.4951.54 Safari/537.36"
::1 - - [17/May/2022:22:10:18 +0300] "GET /dashboard/images/xampp-logo.svg HTTP/1.1" 200 5427 "http://localhost/dashboard/" "Mozilla/5.0 (Windows NT 10.0; Win64; x64) AppleWebKit/537.36 (KHTML, like Gecko) Chrome/101.0.4951.54 Safari/537.36"
::1 - - [17/May/2022:22:10:18 +0300] "GET /dashboard/images/bitnami-xampp.png HTTP/1.1" 200 22133 "http://localhost/dashboard/" "Mozilla/5.0 (Windows NT 10.0; Win64; x64) AppleWebKit/537.36 (KHTML, like Gecko) Chrome/101.0.4951.54 Safari/537.36"
::1 - - [17/May/2022:22:10:18 +0300] "GET /dashboard/images/fastly-logo.png HTTP/1.1" 200 1770 "http://localhost/dashboard/" "Mozilla/5.0 (Windows NT 10.0; Win64; x64) AppleWebKit/537.36 (KHTML, like Gecko) Chrome/101.0.4951.54 Safari/537.36"
::1 - - [17/May/2022:22:10:19 +0300] "GET /dashboard/images/social-icons.png HTTP/1.1" 200 3361 "http://localhost/dashboard/stylesheets/all.css" "Mozilla/5.0 (Windows NT 10.0; Win64; x64) AppleWebKit/537.36 (KHTML, like Gecko) Chrome/101.0.4951.54 Safari/537.36"
::1 - - [17/May/2022:22:10:19 +0300] "GET /dashboard/images/favicon.png HTTP/1.1" 200 2508 "http://localhost/dashboard/" "Mozilla/5.0 (Windows NT 10.0; Win64; x64) AppleWebKit/537.36 (KHTML, like Gecko) Chrome/101.0.4951.54 Safari/537.36"
::1 - - [17/May/2022:22:11:18 +0300] "GET /dashboard/ HTTP/1.1" 304 - "-" "Mozilla/5.0 (Windows NT 10.0; Win64; x64) AppleWebKit/537.36 (KHTML, like Gecko) Chrome/101.0.4951.54 Safari/537.36"
::1 - - [17/May/2022:22:11:20 +0300] "GET / HTTP/1.1" 302 - "-" "Mozilla/5.0 (Windows NT 10.0; Win64; x64) AppleWebKit/537.36 (KHTML, like Gecko) Chrome/101.0.4951.54 Safari/537.36"
::1 - - [17/May/2022:22:11:24 +0300] "GET / HTTP/1.1" 302 - "-" "Mozilla/5.0 (Windows NT 10.0; Win64; x64) AppleWebKit/537.36 (KHTML, like Gecko) Chrome/101.0.4951.54 Safari/537.36"
::1 - - [17/May/2022:22:11:30 +0300] "GET / HTTP/1.1" 302 - "-" "Mozilla/5.0 (Windows NT 10.0; Win64; x64) AppleWebKit/537.36 (KHTML, like Gecko) Chrome/101.0.4951.54 Safari/537.36"
::1 - - [17/May/2022:22:11:45 +0300] "GET /dashboard/ HTTP/1.1" 304 - "-" "Mozilla/5.0 (Windows NT 10.0; Win64; x64) AppleWebKit/537.36 (KHTML, like Gecko) Chrome/101.0.4951.54 Safari/537.36"
::1 - - [17/May/2022:22:12:09 +0300] "GET / HTTP/1.1" 302 - "-" "Mozilla/5.0 (Windows NT 10.0; Win64; x64) AppleWebKit/537.36 (KHTML, like Gecko) Chrome/101.0.4951.54 Safari/537.36"
::1 - - [17/May/2022:22:12:17 +0300] "GET /htdocs HTTP/1.1" 404 295 "-" "Mozilla/5.0 (Windows NT 10.0; Win64; x64) AppleWebKit/537.36 (KHTML, like Gecko) Chrome/101.0.4951.54 Safari/537.36"
::1 - - [17/May/2022:22:12:17 +0300] "GET /favicon.ico HTTP/1.1" 200 30894 "http://localhost/htdocs" "Mozilla/5.0 (Windows NT 10.0; Win64; x64) AppleWebKit/537.36 (KHTML, like Gecko) Chrome/101.0.4951.54 Safari/537.36"
::1 - - [17/May/2022:22:12:37 +0300] "GET /htdocs HTTP/1.1" 404 295 "-" "Mozilla/5.0 (Windows NT 10.0; Win64; x64) AppleWebKit/537.36 (KHTML, like Gecko) Chrome/101.0.4951.54 Safari/537.36"
::1 - - [17/May/2022:22:12:40 +0300] "GET / HTTP/1.1" 302 - "-" "Mozilla/5.0 (Windows NT 10.0; Win64; x64) AppleWebKit/537.36 (KHTML, like Gecko) Chrome/101.0.4951.54 Safari/537.36"
::1 - - [17/May/2022:22:12:45 +0300] "GET / HTTP/1.1" 302 - "-" "Mozilla/5.0 (Windows NT 10.0; Win64; x64) AppleWebKit/537.36 (KHTML, like Gecko) Chrome/101.0.4951.54 Safari/537.36"
::1 - - [17/May/2022:22:13:17 +0300] "GET / HTTP/1.1" 302 - "-" "Mozilla/5.0 (Windows NT 10.0; Win64; x64) AppleWebKit/537.36 (KHTML, like Gecko) Chrome/101.0.4951.54 Safari/537.36"
