[Tue May 17 22:03:03.263455 2022] [ssl:warn] [pid 9796:tid 352] AH01909: www.example.com:443:0 server certificate does NOT include an ID which matches the server name
[Tue May 17 22:03:03.294884 2022] [ssl:warn] [pid 9796:tid 352] AH01909: www.example.com:443:0 server certificate does NOT include an ID which matches the server name
[Tue May 17 22:03:03.331783 2022] [mpm_winnt:notice] [pid 9796:tid 352] AH00455: Apache/2.4.53 (Win64) OpenSSL/1.1.1n PHP/8.1.6 configured -- resuming normal operations
[Tue May 17 22:03:03.331783 2022] [mpm_winnt:notice] [pid 9796:tid 352] AH00456: Apache Lounge VS16 Server built: Mar 16 2022 11:26:15
[Tue May 17 22:03:03.331783 2022] [core:notice] [pid 9796:tid 352] AH00094: Command line: 'C:\\xampp\\apache\\bin\\httpd.exe -d C:/xampp/apache'
[Tue May 17 22:03:03.341757 2022] [mpm_winnt:notice] [pid 9796:tid 352] AH00418: Parent: Created child process 3488
[Tue May 17 22:03:03.626995 2022] [ssl:warn] [pid 3488:tid 324] AH01909: www.example.com:443:0 server certificate does NOT include an ID which matches the server name
[Tue May 17 22:03:03.653922 2022] [ssl:warn] [pid 3488:tid 324] AH01909: www.example.com:443:0 server certificate does NOT include an ID which matches the server name
[Tue May 17 22:03:03.683841 2022] [mpm_winnt:notice] [pid 3488:tid 324] AH00354: Child: Starting 150 worker threads.
[Tue May 17 22:10:11.845953 2022] [ssl:warn] [pid 18780:tid 364] AH01909: www.example.com:443:0 server certificate does NOT include an ID which matches the server name
[Tue May 17 22:10:11.880860 2022] [ssl:warn] [pid 18780:tid 364] AH01909: www.example.com:443:0 server certificate does NOT include an ID which matches the server name
[Tue May 17 22:10:11.947680 2022] [mpm_winnt:notice] [pid 18780:tid 364] AH00455: Apache/2.4.53 (Win64) OpenSSL/1.1.1n PHP/8.1.6 configured -- resuming normal operations
[Tue May 17 22:10:11.947680 2022] [mpm_winnt:notice] [pid 18780:tid 364] AH00456: Apache Lounge VS16 Server built: Mar 16 2022 11:26:15
[Tue May 17 22:10:11.947680 2022] [core:notice] [pid 18780:tid 364] AH00094: Command line: 'c:\\users\\dasi\\onedrive\\desktop\\concurs\\website-admitere-sb\\apache\\bin\\httpd.exe -d C:/Users/Dasi/OneDrive/Desktop/Concurs/website-admitere-sb/apache'
[Tue May 17 22:10:11.952667 2022] [mpm_winnt:notice] [pid 18780:tid 364] AH00418: Parent: Created child process 14860
[Tue May 17 22:10:12.438563 2022] [ssl:warn] [pid 14860:tid 356] AH01909: www.example.com:443:0 server certificate does NOT include an ID which matches the server name
[Tue May 17 22:10:12.473470 2022] [ssl:warn] [pid 14860:tid 356] AH01909: www.example.com:443:0 server certificate does NOT include an ID which matches the server name
[Tue May 17 22:10:12.511369 2022] [mpm_winnt:notice] [pid 14860:tid 356] AH00354: Child: Starting 150 worker threads.
[Tue May 17 22:11:28.647759 2022] [ssl:warn] [pid 3864:tid 364] AH01909: www.example.com:443:0 server certificate does NOT include an ID which matches the server name
[Tue May 17 22:11:28.682666 2022] [core:warn] [pid 3864:tid 364] AH00098: pid file C:/xampp/apache/logs/httpd.pid overwritten -- Unclean shutdown of previous Apache run?
[Tue May 17 22:11:28.685657 2022] [ssl:warn] [pid 3864:tid 364] AH01909: www.example.com:443:0 server certificate does NOT include an ID which matches the server name
[Tue May 17 22:11:28.721561 2022] [mpm_winnt:notice] [pid 3864:tid 364] AH00455: Apache/2.4.53 (Win64) OpenSSL/1.1.1n PHP/8.1.6 configured -- resuming normal operations
[Tue May 17 22:11:28.721561 2022] [mpm_winnt:notice] [pid 3864:tid 364] AH00456: Apache Lounge VS16 Server built: Mar 16 2022 11:26:15
[Tue May 17 22:11:28.721561 2022] [core:notice] [pid 3864:tid 364] AH00094: Command line: 'c:\\users\\dasi\\onedrive\\desktop\\concurs\\website-admitere-sb\\apache\\bin\\httpd.exe -d C:/Users/Dasi/OneDrive/Desktop/Concurs/website-admitere-sb/apache'
[Tue May 17 22:11:28.728548 2022] [mpm_winnt:notice] [pid 3864:tid 364] AH00418: Parent: Created child process 9288
[Tue May 17 22:11:29.464086 2022] [ssl:warn] [pid 9288:tid 352] AH01909: www.example.com:443:0 server certificate does NOT include an ID which matches the server name
[Tue May 17 22:11:29.509962 2022] [ssl:warn] [pid 9288:tid 352] AH01909: www.example.com:443:0 server certificate does NOT include an ID which matches the server name
[Tue May 17 22:11:29.567808 2022] [mpm_winnt:notice] [pid 9288:tid 352] AH00354: Child: Starting 150 worker threads.
